d:\docs 2\github\cs3113\projects\p1\sdlproject\debug\vc142.pdb
d:\docs 2\github\cs3113\projects\p1\sdlproject\debug\vc142.idb
d:\docs 2\github\cs3113\projects\p1\sdlproject\debug\shaderprogram.obj
d:\docs 2\github\cs3113\projects\p1\sdlproject\debug\main.obj
d:\docs 2\github\cs3113\projects\p1\sdlproject\debug\sdlproject1.pdb
d:\docs 2\github\cs3113\projects\p1\sdlproject\debug\sdlproject1.tlog\cl.command.1.tlog
d:\docs 2\github\cs3113\projects\p1\sdlproject\debug\sdlproject1.tlog\cl.read.1.tlog
d:\docs 2\github\cs3113\projects\p1\sdlproject\debug\sdlproject1.tlog\cl.write.1.tlog
d:\docs 2\github\cs3113\projects\p1\sdlproject\debug\sdlproject1.tlog\link-cvtres.read.1.tlog
d:\docs 2\github\cs3113\projects\p1\sdlproject\debug\sdlproject1.tlog\link-cvtres.write.1.tlog
d:\docs 2\github\cs3113\projects\p1\sdlproject\debug\sdlproject1.tlog\link-rc.read.1.tlog
d:\docs 2\github\cs3113\projects\p1\sdlproject\debug\sdlproject1.tlog\link-rc.write.1.tlog
d:\docs 2\github\cs3113\projects\p1\sdlproject\debug\sdlproject1.tlog\link.27048-cvtres.read.1.tlog
d:\docs 2\github\cs3113\projects\p1\sdlproject\debug\sdlproject1.tlog\link.27048-cvtres.write.1.tlog
d:\docs 2\github\cs3113\projects\p1\sdlproject\debug\sdlproject1.tlog\link.27048-rc.read.1.tlog
d:\docs 2\github\cs3113\projects\p1\sdlproject\debug\sdlproject1.tlog\link.27048-rc.write.1.tlog
d:\docs 2\github\cs3113\projects\p1\sdlproject\debug\sdlproject1.tlog\link.27048.read.1.tlog
d:\docs 2\github\cs3113\projects\p1\sdlproject\debug\sdlproject1.tlog\link.27048.write.1.tlog
d:\docs 2\github\cs3113\projects\p1\sdlproject\debug\sdlproject1.tlog\link.command.1.tlog
d:\docs 2\github\cs3113\projects\p1\sdlproject\debug\sdlproject1.tlog\link.read.1.tlog
d:\docs 2\github\cs3113\projects\p1\sdlproject\debug\sdlproject1.tlog\link.write.1.tlog
